<?xml version="1.0" encoding="UTF-8"?>
<!-- Generated by org.testng.reporters.JUnitXMLReporter -->
<testsuite ignored="0" hostname="DESKTOP-6AK3J3N" failures="0" tests="15" name="Test" time="421.269" errors="0" timestamp="2024-02-06T00:23:54 IST">
  <testcase classname="testcases.OnewayTrip_And_BookingDetails__Test" name="login" time="82.491"/>
  <testcase classname="testcases.Validate_Fields_Test" name="validating_fields" time="0.043"/>
  <testcase classname="testcases.Round_Trip_And_BookingDetails_Test" name="booking" time="44.5"/>
  <testcase classname="testcases.Sign_Up_Test" name="signup" time="8.632"/>
  <testcase classname="testcases.Sign_Up_Test" name="signup" time="13.027"/>
  <testcase classname="testcases.Sign_Up_Test" name="signup" time="7.914"/>
  <testcase classname="testcases.Sign_Up_Test" name="signup" time="7.872"/>
  <testcase classname="testcases.Sign_Up_Test" name="signup" time="8.628"/>
  <testcase classname="testcases.Sign_Up_Test" name="signup" time="8.104"/>
  <testcase classname="testcases.Sign_Up_Test" name="signup" time="7.785"/>
  <testcase classname="testcases.Login_Test" name="login" time="19.235"/>
  <testcase classname="testcases.Login_Test" name="login" time="19.41"/>
  <testcase classname="testcases.Login_Test" name="login" time="19.364"/>
  <testcase classname="testcases.Login_Test" name="login" time="19.442"/>
  <testcase classname="testcases.Login_Test" name="login" time="19.448"/>
</testsuite> <!-- Test -->
